#
# A fatal error has been detected by the Java Runtime Environment:
#
#  Internal Error (0xc06d007e), pid=8512, tid=6052
#
# JRE version: Java(TM) SE Runtime Environment (8.0_60-b27) (build 1.8.0_60-b27)
# Java VM: Java HotSpot(TM) 64-Bit Server VM (25.60-b23 mixed mode windows-amd64 compressed oops)
# Problematic frame:
# C  [KERNELBASE.dll+0x33c58]
#
# Failed to write core dump. Minidumps are not enabled by default on client versions of Windows
#
# If you would like to submit a bug report, please visit:
#   http://bugreport.java.com/bugreport/crash.jsp
# The crash happened outside the Java Virtual Machine in native code.
# See problematic frame for where to report the bug.
#

---------------  T H R E A D  ---------------

Current thread (0x0000000016921000):  JavaThread "AWT-Windows" daemon [_thread_in_native, id=6052, stack(0x0000000017590000,0x0000000017690000)]

siginfo: ExceptionCode=0xc06d007e, ExceptionInformation=0x000000001768f210 

Registers:
RAX=0x000000001768ed30, RBX=0x0000000000000000, RCX=0x0000000000000000, RDX=0x000000000a00000a
RSP=0x000000001768f110, RBP=0x000000001768f268, RSI=0x000000006025e64c, RDI=0x0000000000000000
R8 =0x00000000c80001c9, R9 =0x0000000000000006, R10=0x00007ff802000002, R11=0x0000000000000000
R12=0x000000000000000a, R13=0x000000006027e7f0, R14=0x000000006027b128, R15=0x00000000602614c8
RIP=0x00007ff891cb3c58, EFLAGS=0x0000000000000202

Top of Stack: (sp=0x000000001768f110)
0x000000001768f110:   000000006027e7f0 0000000000000000
0x000000001768f120:   000000006025e64c 0000000000000000
0x000000001768f130:   00000000c06d007e 0000000000000000
0x000000001768f140:   00007ff891cb3c58 00007ff800000001
0x000000001768f150:   000000001768f210 0000000000000000
0x000000001768f160:   0000000000ac1080 0000000000000000
0x000000001768f170:   0000000000000000 00007ff891ce1c8f
0x000000001768f180:   00007ff800000000 000000006025e64c
0x000000001768f190:   000000006020e211 0000000000000000
0x000000001768f1a0:   0000000000000000 0000000000000000
0x000000001768f1b0:   000000006023fdb0 00007ff891ce1c39
0x000000001768f1c0:   0000000000000000 000000006020e211
0x000000001768f1d0:   0000055764c04d0d 000000006025fadc
0x000000001768f1e0:   0000000000000000 000000006020e15f
0x000000001768f1f0:   0000000000000000 000000006025e64c
0x000000001768f200:   000000001768f268 000000006025e5cc 

Instructions: (pc=0x00007ff891cb3c58)
0x00007ff891cb3c38:   49 8b d1 44 0f 47 c0 44 89 44 24 38 49 c1 e0 03
0x00007ff891cb3c48:   e8 47 90 04 00 48 8d 4c 24 20 ff 15 b0 44 11 00
0x00007ff891cb3c58:   48 8b 8c 24 c0 00 00 00 48 33 cc e8 d8 55 04 00
0x00007ff891cb3c68:   48 81 c4 d8 00 00 00 c3 83 64 24 38 00 eb d6 cc 


Register to memory mapping:

RAX=0x000000001768ed30 is pointing into the stack for thread: 0x0000000016921000
RBX=0x0000000000000000 is an unknown value
RCX=0x0000000000000000 is an unknown value
RDX=0x000000000a00000a is an unknown value
RSP=0x000000001768f110 is pointing into the stack for thread: 0x0000000016921000
RBP=0x000000001768f268 is pointing into the stack for thread: 0x0000000016921000
RSI=0x000000006025e64c is an unknown value
RDI=0x0000000000000000 is an unknown value
R8 =0x00000000c80001c9 is an unallocated location in the heap
R9 =0x0000000000000006 is an unknown value
R10=0x00007ff802000002 is an unknown value
R11=0x0000000000000000 is an unknown value
R12=0x000000000000000a is an unknown value
R13=0x000000006027e7f0 is an unknown value
R14=0x000000006027b128 is an unknown value
R15=0x00000000602614c8 is an unknown value


Stack: [0x0000000017590000,0x0000000017690000],  sp=0x000000001768f110,  free space=1020k
Native frames: (J=compiled Java code, j=interpreted, Vv=VM code, C=native code)
C  [KERNELBASE.dll+0x33c58]

Java frames: (J=compiled Java code, j=interpreted, Vv=VM code)
j  sun.awt.windows.WToolkit.init()Z+0
j  sun.awt.windows.WToolkit.run()V+18
j  java.lang.Thread.run()V+11
v  ~StubRoutines::call_stub

---------------  P R O C E S S  ---------------

Java Threads: ( => current thread )
=>0x0000000016921000 JavaThread "AWT-Windows" daemon [_thread_in_native, id=6052, stack(0x0000000017590000,0x0000000017690000)]
  0x0000000016915000 JavaThread "AWT-Shutdown" [_thread_blocked, id=7036, stack(0x0000000017490000,0x0000000017590000)]
  0x0000000016914800 JavaThread "Java2D Disposer" daemon [_thread_blocked, id=8172, stack(0x0000000017390000,0x0000000017490000)]
  0x00000000165ba800 JavaThread "Service Thread" daemon [_thread_blocked, id=836, stack(0x0000000016990000,0x0000000016a90000)]
  0x0000000014c43800 JavaThread "C1 CompilerThread2" daemon [_thread_blocked, id=1424, stack(0x0000000016490000,0x0000000016590000)]
  0x0000000014c40800 JavaThread "C2 CompilerThread1" daemon [_thread_blocked, id=8232, stack(0x0000000016390000,0x0000000016490000)]
  0x0000000014c3c800 JavaThread "C2 CompilerThread0" daemon [_thread_blocked, id=6384, stack(0x0000000016290000,0x0000000016390000)]
  0x0000000014c3b000 JavaThread "Attach Listener" daemon [_thread_blocked, id=11384, stack(0x0000000016190000,0x0000000016290000)]
  0x0000000014c39800 JavaThread "Signal Dispatcher" daemon [_thread_blocked, id=9660, stack(0x0000000016090000,0x0000000016190000)]
  0x0000000002626000 JavaThread "Finalizer" daemon [_thread_blocked, id=10120, stack(0x0000000015e90000,0x0000000015f90000)]
  0x000000000261d000 JavaThread "Reference Handler" daemon [_thread_blocked, id=11632, stack(0x0000000015d90000,0x0000000015e90000)]
  0x0000000002531000 JavaThread "main" [_thread_blocked, id=6860, stack(0x00000000023f0000,0x00000000024f0000)]

Other Threads:
  0x0000000014c07800 VMThread [stack: 0x0000000015c90000,0x0000000015d90000] [id=10840]
  0x00000000165ee800 WatcherThread [stack: 0x0000000016a90000,0x0000000016b90000] [id=13248]

VM state:not at safepoint (normal execution)

VM Mutex/Monitor currently owned by a thread: None

Heap:
 PSYoungGen      total 18944K, used 3277K [0x00000000eb300000, 0x00000000ec800000, 0x0000000100000000)
  eden space 16384K, 20% used [0x00000000eb300000,0x00000000eb6335c8,0x00000000ec300000)
  from space 2560K, 0% used [0x00000000ec580000,0x00000000ec580000,0x00000000ec800000)
  to   space 2560K, 0% used [0x00000000ec300000,0x00000000ec300000,0x00000000ec580000)
 ParOldGen       total 44032K, used 0K [0x00000000c1800000, 0x00000000c4300000, 0x00000000eb300000)
  object space 44032K, 0% used [0x00000000c1800000,0x00000000c1800000,0x00000000c4300000)
 Metaspace       used 5328K, capacity 5500K, committed 5632K, reserved 1060864K
  class space    used 633K, capacity 725K, committed 768K, reserved 1048576K

Card table byte_map: [0x00000000119f0000,0x0000000011bf0000] byte_map_base: 0x00000000113e4000

Marking Bits: (ParMarkBitMap*) 0x00000000611ea5b0
 Begin Bits: [0x0000000012140000, 0x00000000130e0000)
 End Bits:   [0x00000000130e0000, 0x0000000014080000)

Polling page: 0x0000000000cb0000

CodeCache: size=245760Kb used=1497Kb max_used=1497Kb free=244262Kb
 bounds [0x0000000002630000, 0x00000000028a0000, 0x0000000011630000]
 total_blobs=536 nmethods=217 adapters=232
 compilation: enabled

Compilation events (10 events):
Event: 0.367 Thread 0x0000000014c43800  211       3       sun.reflect.misc.ReflectUtil::isVMAnonymousClass (19 bytes)
Event: 0.368 Thread 0x0000000014c43800 nmethod 211 0x000000000279cb10 code [0x000000000279cca0, 0x000000000279d1f8]
Event: 0.378 Thread 0x0000000014c43800  214       3       java.util.HashMap::putVal (300 bytes)
Event: 0.380 Thread 0x0000000014c43800 nmethod 214 0x000000000279ef50 code [0x000000000279f1c0, 0x00000000027a0478]
Event: 0.380 Thread 0x0000000014c43800  215       3       java.util.HashMap::put (13 bytes)
Event: 0.380 Thread 0x0000000014c43800 nmethod 215 0x00000000027a0b50 code [0x00000000027a0ce0, 0x00000000027a1098]
Event: 0.386 Thread 0x0000000014c43800  216       3       jdk.internal.org.objectweb.asm.ByteVector::enlarge (51 bytes)
Event: 0.386 Thread 0x0000000014c43800 nmethod 216 0x00000000027a6150 code [0x00000000027a62c0, 0x00000000027a65e8]
Event: 0.388 Thread 0x0000000014c43800  217       1       java.lang.invoke.MethodTypeForm::basicType (5 bytes)
Event: 0.389 Thread 0x0000000014c43800 nmethod 217 0x00000000027a66d0 code [0x00000000027a6820, 0x00000000027a6930]

GC Heap History (0 events):
No events

Deoptimization events (0 events):
No events

Internal exceptions (9 events):
Event: 0.097 Thread 0x0000000002531000 Exception <a 'java/lang/NoSuchMethodError': Method sun.misc.Unsafe.defineClass(Ljava/lang/String;[BII)Ljava/lang/Class; name or signature does not match> (0x00000000eb30d7a8) thrown at [C:\re\workspace\8-2-build-windows-amd64-cygwin\jdk8u60\4407\hotspot\sr{i5È(ë¸?
Event: 0.097 Thread 0x0000000002531000 Exception <a 'java/lang/NoSuchMethodError': Method sun.misc.Unsafe.prefetchRead(Ljava/lang/Object;J)V name or signature does not match> (0x00000000eb30da90) thrown at [C:\re\workspace\8-2-build-windows-amd64-cygwin\jdk8u60\4407\hotspot\src\share\vm\prims\j€ú“l)kÊ?
Event: 0.206 Thread 0x0000000002531000 Exception <a 'java/security/PrivilegedActionException'> (0x00000000eb3dc2b0) thrown at [C:\re\workspace\8-2-build-windows-amd64-cygwin\jdk8u60\4407\hotspot\src\share\vm\prims\jvm.cpp, line 1386]
Event: 0.206 Thread 0x0000000002531000 Exception <a 'java/security/PrivilegedActionException'> (0x00000000eb3dc4c0) thrown at [C:\re\workspace\8-2-build-windows-amd64-cygwin\jdk8u60\4407\hotspot\src\share\vm\prims\jvm.cpp, line 1386]
Event: 0.208 Thread 0x0000000002531000 Exception <a 'java/security/PrivilegedActionException'> (0x00000000eb3e0308) thrown at [C:\re\workspace\8-2-build-windows-amd64-cygwin\jdk8u60\4407\hotspot\src\share\vm\prims\jvm.cpp, line 1386]
Event: 0.208 Thread 0x0000000002531000 Exception <a 'java/security/PrivilegedActionException'> (0x00000000eb3e0518) thrown at [C:\re\workspace\8-2-build-windows-amd64-cygwin\jdk8u60\4407\hotspot\src\share\vm\prims\jvm.cpp, line 1386]
Event: 0.240 Thread 0x0000000002531000 Exception <a 'java/io/FileNotFoundException'> (0x00000000eb3e2af0) thrown at [C:\re\workspace\8-2-build-windows-amd64-cygwin\jdk8u60\4407\hotspot\src\share\vm\prims\jni.cpp, line 709]
Event: 0.328 Thread 0x0000000002531000 Exception <a 'java/lang/NoSuchFieldError': method resolution failed> (0x00000000eb5030e8) thrown at [C:\re\workspace\8-2-build-windows-amd64-cygwin\jdk8u60\4407\hotspot\src\share\vm\prims\methodHandles.cpp, line 1146]
Event: 0.334 Thread 0x0000000002531000 Exception <a 'java/lang/NoSuchFieldError': method resolution failed> (0x00000000eb510438) thrown at [C:\re\workspace\8-2-build-windows-amd64-cygwin\jdk8u60\4407\hotspot\src\share\vm\prims\methodHandles.cpp, line 1146]

Events (10 events):
Event: 0.385 loading class sun/java2d/Disposer$1 done
Event: 0.386 loading class sun/misc/ThreadGroupUtils
Event: 0.386 loading class sun/misc/ThreadGroupUtils done
Event: 0.387 Thread 0x0000000016914800 Thread added: 0x0000000016914800
Event: 0.387 loading class sun/awt/AWTAutoShutdown
Event: 0.387 loading class sun/awt/AWTAutoShutdown done
Event: 0.387 loading class java/util/IdentityHashMap
Event: 0.387 loading class java/util/IdentityHashMap done
Event: 0.387 Thread 0x0000000016915000 Thread added: 0x0000000016915000
Event: 0.388 Thread 0x0000000016921000 Thread added: 0x0000000016921000


Dynamic libraries:
0x00007ff64f680000 - 0x00007ff64f6b7000 	C:\Program Files\Java\jdk1.8.0_60\bin\java.exe
0x00007ff894e60000 - 0x00007ff895032000 	C:\Windows\SYSTEM32\ntdll.dll
0x00007ff894370000 - 0x00007ff89441c000 	C:\Windows\System32\KERNEL32.DLL
0x00007ff882810000 - 0x00007ff882843000 	C:\Program Files\AVAST Software\Avast\x64\aswhooka.dll
0x00007ff891c80000 - 0x00007ff891e9d000 	C:\Windows\System32\KERNELBASE.dll
0x00007ff894ad0000 - 0x00007ff894b72000 	C:\Windows\System32\ADVAPI32.dll
0x00007ff892d00000 - 0x00007ff892d9e000 	C:\Windows\System32\msvcrt.dll
0x00007ff892950000 - 0x00007ff8929a9000 	C:\Windows\System32\sechost.dll
0x00007ff894990000 - 0x00007ff894ab1000 	C:\Windows\System32\RPCRT4.dll
0x00007ff892b30000 - 0x00007ff892c95000 	C:\Windows\System32\USER32.dll
0x00007ff8923d0000 - 0x00007ff8923ee000 	C:\Windows\System32\win32u.dll
0x00007ff8923f0000 - 0x00007ff892424000 	C:\Windows\System32\GDI32.dll
0x00007ff8921a0000 - 0x00007ff892320000 	C:\Windows\System32\gdi32full.dll
0x00007ff886b00000 - 0x00007ff886d7a000 	C:\Windows\WinSxS\amd64_microsoft.windows.common-controls_6595b64144ccf1df_6.0.14393.953_none_42151e83c686086b\COMCTL32.dll
0x00007ff892600000 - 0x00007ff8928c8000 	C:\Windows\System32\combase.dll
0x00007ff891ef0000 - 0x00007ff891fe5000 	C:\Windows\System32\ucrtbase.dll
0x00007ff891360000 - 0x00007ff8913ca000 	C:\Windows\System32\bcryptPrimitives.dll
0x00007ff894850000 - 0x00007ff89487e000 	C:\Windows\System32\IMM32.DLL
0x0000000060900000 - 0x00000000609d2000 	C:\Program Files\Java\jdk1.8.0_60\jre\bin\msvcr100.dll
0x00000000609e0000 - 0x0000000061269000 	C:\Program Files\Java\jdk1.8.0_60\jre\bin\server\jvm.dll
0x00007ff892ab0000 - 0x00007ff892ab8000 	C:\Windows\System32\PSAPI.DLL
0x00007ff889960000 - 0x00007ff889969000 	C:\Windows\SYSTEM32\WSOCK32.dll
0x00007ff894920000 - 0x00007ff89498a000 	C:\Windows\System32\WS2_32.dll
0x00007ff88f770000 - 0x00007ff88f793000 	C:\Windows\SYSTEM32\WINMM.dll
0x00007ff890080000 - 0x00007ff89008a000 	C:\Windows\SYSTEM32\VERSION.dll
0x00007ff88f710000 - 0x00007ff88f73b000 	C:\Windows\SYSTEM32\WINMMBASE.dll
0x00007ff891ea0000 - 0x00007ff891ee2000 	C:\Windows\System32\cfgmgr32.dll
0x00000000621d0000 - 0x00000000621df000 	C:\Program Files\Java\jdk1.8.0_60\jre\bin\verify.dll
0x0000000060890000 - 0x00000000608b9000 	C:\Program Files\Java\jdk1.8.0_60\jre\bin\java.dll
0x0000000060870000 - 0x0000000060886000 	C:\Program Files\Java\jdk1.8.0_60\jre\bin\zip.dll
0x00007ff892e60000 - 0x00007ff894368000 	C:\Windows\System32\SHELL32.dll
0x00007ff8915a0000 - 0x00007ff891c7a000 	C:\Windows\System32\windows.storage.dll
0x00007ff8912d0000 - 0x00007ff89131c000 	C:\Windows\System32\powrprof.dll
0x00007ff8928f0000 - 0x00007ff892942000 	C:\Windows\System32\shlwapi.dll
0x00007ff891330000 - 0x00007ff89133f000 	C:\Windows\System32\kernel.appcore.dll
0x00007ff892320000 - 0x00007ff8923c9000 	C:\Windows\System32\shcore.dll
0x00007ff891340000 - 0x00007ff891354000 	C:\Windows\System32\profapi.dll
0x0000000060130000 - 0x00000000602c8000 	C:\Program Files\Java\jdk1.8.0_60\jre\bin\awt.dll
0x00007ff892da0000 - 0x00007ff892e5f000 	C:\Windows\System32\OLEAUT32.dll
0x00007ff8920a0000 - 0x00007ff89213c000 	C:\Windows\System32\msvcp_win.dll
0x00007ff88f860000 - 0x00007ff88f8da000 	C:\Windows\SYSTEM32\apphelp.dll
0x00007ff88f940000 - 0x00007ff88f9d5000 	C:\Windows\system32\uxtheme.dll
0x00007ff892440000 - 0x00007ff89259a000 	C:\Windows\System32\MSCTF.dll
0x00007ff88f650000 - 0x00007ff88f676000 	C:\Windows\system32\dwmapi.dll

VM Arguments:
jvm_args: -Dfile.encoding=UTF-8 
java_command: Latihan4.Latihan4
java_class_path (initial): E:\XI RPL 4\PBO\Modul5Gui\build\classes
Launcher Type: SUN_STANDARD

Environment Variables:
PATH=C:\ProgramData\Oracle\Java\javapath;C:\Program Files (x86)\NVIDIA Corporation\PhysX\Common;C:\Program Files (x86)\Common Files\Intel\Shared Files\cpp\bin\Intel64;C:\Program Files (x86)\Intel\iCLS Client\;C:\Program Files\Intel\iCLS Client\;C:\Windows\system32;C:\Windows;C:\Windows\System32\Wbem;C:\Windows\System32\WindowsPowerShell\v1.0\;C:\Program Files\Intel\Intel(R) Management Engine Components\DAL;C:\Program Files (x86)\Intel\Intel(R) Management Engine Components\DAL;C:\Program Files\Intel\Intel(R) Management Engine Components\IPT;C:\Program Files (x86)\Intel\Intel(R) Management Engine Components\IPT;C:\Program Files (x86)\Brackets\command;C:\Windows\system32\config\systemprofile\.dnx\bin;C:\Program Files\Microsoft DNX\Dnvm\;C:\Program Files\Microsoft SQL Server\130\Tools\Binn\;C:\Program Files\Microsoft\Web Platform Installer\;C:\Program Files (x86)\Microsoft ASP.NET\ASP.NET Web Pages\v1.0\;C:\Program Files\Microsoft SQL Server\110\Tools\Binn\;C:\Program Files (x86)\Windows Kits\8.1\Windows Performance Toolkit\;C:\Program Files\Java\jdk1.8.0_60\bin
USERNAME=Dyah Ayu Shafitri
OS=Windows_NT
PROCESSOR_IDENTIFIER=Intel64 Family 6 Model 61 Stepping 4, GenuineIntel



---------------  S Y S T E M  ---------------

OS: Windows 10.0 , 64 bit Build 14393 (10.0.14393.1198)

CPU:total 4 (2 cores per cpu, 2 threads per core) family 6 model 61 stepping 4, cmov, cx8, fxsr, mmx, sse, sse2, sse3, ssse3, sse4.1, sse4.2, popcnt, avx, avx2, aes, clmul, erms, 3dnowpref, lzcnt, ht, tsc, tscinvbit, bmi1, bmi2, adx

Memory: 4k page, physical 4091300k(1172988k free), swap 8443300k(2392k free)

vm_info: Java HotSpot(TM) 64-Bit Server VM (25.60-b23) for windows-amd64 JRE (1.8.0_60-b27), built on Aug  4 2015 11:06:27 by "java_re" with MS VC++ 10.0 (VS2010)

time: Fri Sep 22 13:18:16 2017
elapsed time: 0 seconds (0d 0h 0m 0s)

