#
# There is insufficient memory for the Java Runtime Environment to continue.
# Native memory allocation (malloc) failed to allocate 32744 bytes for ChunkPool::allocate
# Possible reasons:
#   The system is out of physical RAM or swap space
#   In 32 bit mode, the process size limit was hit
# Possible solutions:
#   Reduce memory load on the system
#   Increase physical memory or swap space
#   Check if swap backing store is full
#   Use 64 bit Java on a 64 bit OS
#   Decrease Java heap size (-Xmx/-Xms)
#   Decrease number of Java threads
#   Decrease Java thread stack sizes (-Xss)
#   Set larger code cache with -XX:ReservedCodeCacheSize=
# This output file may be truncated or incomplete.
#
#  Out of Memory Error (allocation.cpp:273), pid=3548, tid=8836
#
# JRE version: Java(TM) SE Runtime Environment (8.0_60-b27) (build 1.8.0_60-b27)
# Java VM: Java HotSpot(TM) 64-Bit Server VM (25.60-b23 mixed mode windows-amd64 compressed oops)
# Failed to write core dump. Minidumps are not enabled by default on client versions of Windows
#

---------------  T H R E A D  ---------------

Current thread (0x0000000015283800):  JavaThread "C1 CompilerThread2" daemon [_thread_in_native, id=8836, stack(0x0000000016ae0000,0x0000000016be0000)]

Stack: [0x0000000016ae0000,0x0000000016be0000]
[error occurred during error reporting (printing stack bounds), id 0xc0000005]

Native frames: (J=compiled Java code, j=interpreted, Vv=VM code, C=native code)


Current CompileTask:
C1:    420  159       3       jdk.internal.org.objectweb.asm.Frame::execute (2252 bytes)


---------------  P R O C E S S  ---------------

Java Threads: ( => current thread )
  0x0000000016fde000 JavaThread "AWT-Windows" daemon [_thread_in_native, id=11916, stack(0x00000000187b0000,0x00000000188b0000)]
  0x0000000016fd1000 JavaThread "AWT-Shutdown" [_thread_blocked, id=13280, stack(0x00000000186b0000,0x00000000187b0000)]
  0x0000000017633800 JavaThread "Java2D Disposer" daemon [_thread_blocked, id=8976, stack(0x00000000185b0000,0x00000000186b0000)]
  0x0000000016c08800 JavaThread "Service Thread" daemon [_thread_blocked, id=6608, stack(0x0000000016fe0000,0x00000000170e0000)]
=>0x0000000015283800 JavaThread "C1 CompilerThread2" daemon [_thread_in_native, id=8836, stack(0x0000000016ae0000,0x0000000016be0000)]
  0x0000000015280800 JavaThread "C2 CompilerThread1" daemon [_thread_in_native, id=8872, stack(0x00000000169e0000,0x0000000016ae0000)]
  0x000000001527c800 JavaThread "C2 CompilerThread0" daemon [_thread_in_native, id=6508, stack(0x00000000168e0000,0x00000000169e0000)]
  0x000000001527b000 JavaThread "Attach Listener" daemon [_thread_blocked, id=8996, stack(0x00000000167e0000,0x00000000168e0000)]
  0x0000000015279800 JavaThread "Signal Dispatcher" daemon [_thread_blocked, id=11984, stack(0x00000000166e0000,0x00000000167e0000)]
  0x0000000002c86800 JavaThread "Finalizer" daemon [_thread_blocked, id=9212, stack(0x00000000164f0000,0x00000000165f0000)]
  0x0000000002c7d000 JavaThread "Reference Handler" daemon [_thread_blocked, id=8388, stack(0x00000000163f0000,0x00000000164f0000)]
  0x0000000002b91000 JavaThread "main" [_thread_in_Java, id=2412, stack(0x0000000002a70000,0x0000000002b70000)]

Other Threads:
  0x0000000015247800 VMThread [stack: 0x00000000162f0000,0x00000000163f0000] [id=9240]
  0x0000000016c34000 WatcherThread [stack: 0x00000000170e0000,0x00000000171e0000] [id=2056]

VM state:not at safepoint (normal execution)

VM Mutex/Monitor currently owned by a thread: None

Heap:
 PSYoungGen      total 18944K, used 3605K [0x00000000eb300000, 0x00000000ec800000, 0x0000000100000000)
  eden space 16384K, 22% used [0x00000000eb300000,0x00000000eb6855f0,0x00000000ec300000)
  from space 2560K, 0% used [0x00000000ec580000,0x00000000ec580000,0x00000000ec800000)
  to   space 2560K, 0% used [0x00000000ec300000,0x00000000ec300000,0x00000000ec580000)
 ParOldGen       total 44032K, used 0K [0x00000000c1800000, 0x00000000c4300000, 0x00000000eb300000)
  object space 44032K, 0% used [0x00000000c1800000,0x00000000c1800000,0x00000000c4300000)
 Metaspace       used 5767K, capacity 5904K, committed 6144K, reserved 1056768K
  class space    used 665K, capacity 735K, committed 768K, reserved 1048576K

Card table byte_map: [0x0000000012050000,0x0000000012250000] byte_map_base: 0x0000000011a44000

Marking Bits: (ParMarkBitMap*) 0x00000000611ea5b0
 Begin Bits: [0x00000000127a0000, 0x0000000013740000)
 End Bits:   [0x0000000013740000, 0x00000000146e0000)

Polling page: 0x0000000001130000

CodeCache: size=245760Kb used=1366Kb max_used=1371Kb free=244393Kb
 bounds [0x0000000002c90000, 0x0000000002f00000, 0x0000000011c90000]
 total_blobs=516 nmethods=173 adapters=256
 compilation: enabled

Compilation events (10 events):
Event: 0.323 Thread 0x0000000015283800 nmethod 152 0x0000000002dd4090 code [0x0000000002dd4220, 0x0000000002dd45f8]
Event: 0.323 Thread 0x0000000015283800  149       3       java.lang.invoke.LambdaForm::argument (27 bytes)
Event: 0.323 Thread 0x0000000015283800 nmethod 149 0x0000000002dd4910 code [0x0000000002dd4aa0, 0x0000000002dd4e08]
Event: 0.323 Thread 0x0000000015283800  155       3       java.lang.invoke.InvokerBytecodeGenerator::isStaticallyNameable (116 bytes)
Event: 0.326 Thread 0x0000000015283800 nmethod 155 0x0000000002dd5a90 code [0x0000000002dd5e00, 0x0000000002dd7ed8]
Event: 0.326 Thread 0x0000000015283800  159       3       jdk.internal.org.objectweb.asm.Frame::execute (2252 bytes)
Event: 0.327 Thread 0x000000001527c800  172       4       jdk.internal.org.objectweb.asm.ByteVector::putUTF8 (142 bytes)
Event: 0.339 Thread 0x0000000015280800  181       4       java.lang.AbstractStringBuilder::ensureCapacityInternal (16 bytes)
Event: 0.343 Thread 0x0000000015280800 nmethod 181 0x0000000002ddce10 code [0x0000000002ddcf60, 0x0000000002ddd1f8]
Event: 0.343 Thread 0x0000000015280800  184       4       java.lang.String::equals (81 bytes)

GC Heap History (0 events):
No events

Deoptimization events (0 events):
No events

Internal exceptions (9 events):
Event: 0.069 Thread 0x0000000002b91000 Exception <a 'java/lang/NoSuchMethodError': Method sun.misc.Unsafe.defineClass(Ljava/lang/String;[BII)Ljava/lang/Class; name or signature does not match> (0x00000000eb30d7a8) thrown at [C:\re\workspace\8-2-build-windows-amd64-cygwin\jdk8u60\4407\hotspot\srù  —£±?
Event: 0.069 Thread 0x0000000002b91000 Exception <a 'java/lang/NoSuchMethodError': Method sun.misc.Unsafe.prefetchRead(Ljava/lang/Object;J)V name or signature does not match> (0x00000000eb30da90) thrown at [C:\re\workspace\8-2-build-windows-amd64-cygwin\jdk8u60\4407\hotspot\src\share\vm\prims\j—∏˚%òÛœ?
Event: 0.250 Thread 0x0000000002b91000 Exception <a 'java/security/PrivilegedActionException'> (0x00000000eb3d8a80) thrown at [C:\re\workspace\8-2-build-windows-amd64-cygwin\jdk8u60\4407\hotspot\src\share\vm\prims\jvm.cpp, line 1386]
Event: 0.250 Thread 0x0000000002b91000 Exception <a 'java/security/PrivilegedActionException'> (0x00000000eb3d8c90) thrown at [C:\re\workspace\8-2-build-windows-amd64-cygwin\jdk8u60\4407\hotspot\src\share\vm\prims\jvm.cpp, line 1386]
Event: 0.252 Thread 0x0000000002b91000 Exception <a 'java/security/PrivilegedActionException'> (0x00000000eb3dcad8) thrown at [C:\re\workspace\8-2-build-windows-amd64-cygwin\jdk8u60\4407\hotspot\src\share\vm\prims\jvm.cpp, line 1386]
Event: 0.252 Thread 0x0000000002b91000 Exception <a 'java/security/PrivilegedActionException'> (0x00000000eb3dcce8) thrown at [C:\re\workspace\8-2-build-windows-amd64-cygwin\jdk8u60\4407\hotspot\src\share\vm\prims\jvm.cpp, line 1386]
Event: 0.284 Thread 0x0000000002b91000 Exception <a 'java/io/FileNotFoundException'> (0x00000000eb3df2c0) thrown at [C:\re\workspace\8-2-build-windows-amd64-cygwin\jdk8u60\4407\hotspot\src\share\vm\prims\jni.cpp, line 709]
Event: 0.326 Thread 0x0000000002b91000 Exception <a 'java/lang/NoSuchFieldError': method resolution failed> (0x00000000eb4ffa50) thrown at [C:\re\workspace\8-2-build-windows-amd64-cygwin\jdk8u60\4407\hotspot\src\share\vm\prims\methodHandles.cpp, line 1146]
Event: 0.328 Thread 0x0000000002b91000 Exception <a 'java/lang/NoSuchFieldError': method resolution failed> (0x00000000eb50cda0) thrown at [C:\re\workspace\8-2-build-windows-amd64-cygwin\jdk8u60\4407\hotspot\src\share\vm\prims\methodHandles.cpp, line 1146]

Events (10 events):
Event: 0.344 loading class java/security/AccessController$1
Event: 0.344 loading class java/security/AccessController$1 done
Event: 0.345 loading class sun/security/util/SecurityConstants
Event: 0.345 loading class sun/security/util/SecurityConstants done
Event: 0.345 loading class java/net/NetPermission
Event: 0.345 loading class java/net/NetPermission done
Event: 0.345 loading class java/security/SecurityPermission
Event: 0.345 loading class java/security/SecurityPermission done
Event: 0.345 loading class java/net/SocketPermission
Event: 0.345 loading class java/net/SocketPermission done


Dynamic libraries:
0x00007ff64f680000 - 0x00007ff64f6b7000 	C:\Program Files\Java\jdk1.8.0_60\bin\java.exe
0x00007ff894e60000 - 0x00007ff895032000 	C:\Windows\SYSTEM32\ntdll.dll
0x00007ff894370000 - 0x00007ff89441c000 	C:\Windows\System32\KERNEL32.DLL
0x00007ff882810000 - 0x00007ff882843000 	C:\Program Files\AVAST Software\Avast\x64\aswhooka.dll
0x00007ff891c80000 - 0x00007ff891e9d000 	C:\Windows\System32\KERNELBASE.dll
0x00007ff894ad0000 - 0x00007ff894b72000 	C:\Windows\System32\ADVAPI32.dll
0x00007ff892d00000 - 0x00007ff892d9e000 	C:\Windows\System32\msvcrt.dll
0x00007ff892950000 - 0x00007ff8929a9000 	C:\Windows\System32\sechost.dll
0x00007ff894990000 - 0x00007ff894ab1000 	C:\Windows\System32\RPCRT4.dll
0x00007ff892b30000 - 0x00007ff892c95000 	C:\Windows\System32\USER32.dll
0x00007ff8923d0000 - 0x00007ff8923ee000 	C:\Windows\System32\win32u.dll
0x00007ff8923f0000 - 0x00007ff892424000 	C:\Windows\System32\GDI32.dll
0x00007ff8921a0000 - 0x00007ff892320000 	C:\Windows\System32\gdi32full.dll
0x00007ff886b00000 - 0x00007ff886d7a000 	C:\Windows\WinSxS\amd64_microsoft.windows.common-controls_6595b64144ccf1df_6.0.14393.953_none_42151e83c686086b\COMCTL32.dll
0x00007ff892600000 - 0x00007ff8928c8000 	C:\Windows\System32\combase.dll
0x00007ff891ef0000 - 0x00007ff891fe5000 	C:\Windows\System32\ucrtbase.dll
0x00007ff891360000 - 0x00007ff8913ca000 	C:\Windows\System32\bcryptPrimitives.dll
0x00007ff894850000 - 0x00007ff89487e000 	C:\Windows\System32\IMM32.DLL
0x0000000060900000 - 0x00000000609d2000 	C:\Program Files\Java\jdk1.8.0_60\jre\bin\msvcr100.dll
0x00000000609e0000 - 0x0000000061269000 	C:\Program Files\Java\jdk1.8.0_60\jre\bin\server\jvm.dll
0x00007ff892ab0000 - 0x00007ff892ab8000 	C:\Windows\System32\PSAPI.DLL
0x00007ff889960000 - 0x00007ff889969000 	C:\Windows\SYSTEM32\WSOCK32.dll
0x00007ff894920000 - 0x00007ff89498a000 	C:\Windows\System32\WS2_32.dll
0x00007ff88f770000 - 0x00007ff88f793000 	C:\Windows\SYSTEM32\WINMM.dll
0x00007ff890080000 - 0x00007ff89008a000 	C:\Windows\SYSTEM32\VERSION.dll
0x00007ff88f710000 - 0x00007ff88f73b000 	C:\Windows\SYSTEM32\WINMMBASE.dll
0x00007ff891ea0000 - 0x00007ff891ee2000 	C:\Windows\System32\cfgmgr32.dll
0x00000000621d0000 - 0x00000000621df000 	C:\Program Files\Java\jdk1.8.0_60\jre\bin\verify.dll
0x0000000060890000 - 0x00000000608b9000 	C:\Program Files\Java\jdk1.8.0_60\jre\bin\java.dll
0x0000000060870000 - 0x0000000060886000 	C:\Program Files\Java\jdk1.8.0_60\jre\bin\zip.dll
0x00007ff892e60000 - 0x00007ff894368000 	C:\Windows\System32\SHELL32.dll
0x00007ff8915a0000 - 0x00007ff891c7a000 	C:\Windows\System32\windows.storage.dll
0x00007ff8912d0000 - 0x00007ff89131c000 	C:\Windows\System32\powrprof.dll
0x00007ff8928f0000 - 0x00007ff892942000 	C:\Windows\System32\shlwapi.dll
0x00007ff891330000 - 0x00007ff89133f000 	C:\Windows\System32\kernel.appcore.dll
0x00007ff892320000 - 0x00007ff8923c9000 	C:\Windows\System32\shcore.dll
0x00007ff891340000 - 0x00007ff891354000 	C:\Windows\System32\profapi.dll
0x0000000060130000 - 0x00000000602c8000 	C:\Program Files\Java\jdk1.8.0_60\jre\bin\awt.dll
0x00007ff892da0000 - 0x00007ff892e5f000 	C:\Windows\System32\OLEAUT32.dll
0x00007ff8920a0000 - 0x00007ff89213c000 	C:\Windows\System32\msvcp_win.dll
0x00007ff88f860000 - 0x00007ff88f8da000 	C:\Windows\SYSTEM32\apphelp.dll
0x00007ff88f940000 - 0x00007ff88f9d5000 	C:\Windows\system32\uxtheme.dll
0x00007ff892440000 - 0x00007ff89259a000 	C:\Windows\System32\MSCTF.dll
0x00007ff88f650000 - 0x00007ff88f676000 	C:\Windows\system32\dwmapi.dll
0x00007ff894b80000 - 0x00007ff894cb8000 	C:\Windows\System32\ole32.dll
0x00000000600e0000 - 0x0000000060127000 	C:\Program Files\Java\jdk1.8.0_60\jre\bin\fontmanager.dll

VM Arguments:
jvm_args: -Dfile.encoding=UTF-8 
java_command: Latihan3.Latihan3
java_class_path (initial): E:\XI RPL 4\PBO\Modul5Gui\build\classes
Launcher Type: SUN_STANDARD

Environment Variables:
PATH=C:\ProgramData\Oracle\Java\javapath;C:\Program Files (x86)\NVIDIA Corporation\PhysX\Common;C:\Program Files (x86)\Common Files\Intel\Shared Files\cpp\bin\Intel64;C:\Program Files (x86)\Intel\iCLS Client\;C:\Program Files\Intel\iCLS Client\;C:\Windows\system32;C:\Windows;C:\Windows\System32\Wbem;C:\Windows\System32\WindowsPowerShell\v1.0\;C:\Program Files\Intel\Intel(R) Management Engine Components\DAL;C:\Program Files (x86)\Intel\Intel(R) Management Engine Components\DAL;C:\Program Files\Intel\Intel(R) Management Engine Components\IPT;C:\Program Files (x86)\Intel\Intel(R) Management Engine Components\IPT;C:\Program Files (x86)\Brackets\command;C:\Windows\system32\config\systemprofile\.dnx\bin;C:\Program Files\Microsoft DNX\Dnvm\;C:\Program Files\Microsoft SQL Server\130\Tools\Binn\;C:\Program Files\Microsoft\Web Platform Installer\;C:\Program Files (x86)\Microsoft ASP.NET\ASP.NET Web Pages\v1.0\;C:\Program Files\Microsoft SQL Server\110\Tools\Binn\;C:\Program Files (x86)\Windows Kits\8.1\Windows Performance Toolkit\;C:\Program Files\Java\jdk1.8.0_60\bin
USERNAME=Dyah Ayu Shafitri
OS=Windows_NT
PROCESSOR_IDENTIFIER=Intel64 Family 6 Model 61 Stepping 4, GenuineIntel



---------------  S Y S T E M  ---------------

OS: Windows 10.0 , 64 bit Build 14393 (10.0.14393.1198)

CPU:total 4 (2 cores per cpu, 2 threads per core) family 6 model 61 stepping 4, cmov, cx8, fxsr, mmx, sse, sse2, sse3, ssse3, sse4.1, sse4.2, popcnt, avx, avx2, aes, clmul, erms, 3dnowpref, lzcnt, ht, tsc, tscinvbit, bmi1, bmi2, adx

Memory: 4k page, physical 4091300k(1249496k free), swap 8443300k(5248k free)

vm_info: Java HotSpot(TM) 64-Bit Server VM (25.60-b23) for windows-amd64 JRE (1.8.0_60-b27), built on Aug  4 2015 11:06:27 by "java_re" with MS VC++ 10.0 (VS2010)

time: Fri Sep 22 11:29:43 2017
elapsed time: 0 seconds (0d 0h 0m 0s)

